-------------------------------------------------------------------------------
Test set: mapperTest.InvoiceMapperTest
-------------------------------------------------------------------------------
Tests run: 1, Failures: 0, Errors: 1, Skipped: 0, Time elapsed: 0 s <<< FAILURE! - in mapperTest.InvoiceMapperTest
getInvoiceFromIDTest(mapperTest.InvoiceMapperTest)  Time elapsed: 0 s  <<< ERROR!
java.lang.NullPointerException
	at mapperTest.InvoiceMapperTest.getInvoiceFromIDTest(InvoiceMapperTest.java:22)

