<?xml version="1.0" encoding="UTF-8"?>
<testsuite xmlns:xsi="http://www.w3.org/2001/XMLSchema-instance" xsi:noNamespaceSchemaLocation="https://maven.apache.org/surefire/maven-surefire-plugin/xsd/surefire-test-report.xsd" name="mapperTest.InvoiceMapperTest" time="1.16" tests="5" errors="0" skipped="0" failures="0">
  <properties>
[...]
</properties>
  <testcase name="getHighestIDTest" classname="mapperTest.InvoiceMapperTest" time="0.774"/>
  <testcase name="testGetOrderWithIDSpecific" classname="mapperTest.InvoiceMapperTest" time="0.028"/>
  <testcase name="makeInvoiceTest" classname="mapperTest.InvoiceMapperTest" time="0.049"/>
  <testcase name="getInvoiceFromIDAll" classname="mapperTest.InvoiceMapperTest" time="0.18"/>
  <testcase name="testGetAllOrders" classname="mapperTest.InvoiceMapperTest" time="0.075"/>
</testsuite>